2019-12-11 16:18:20 [DEBUG] [PID-17687] server.go main:40 WikiServer-0.0.1 
2019-12-11 16:18:20 [DEBUG] [PID-17687] server.go main:41 GOOS: linux 
2019-12-11 16:18:20 [DEBUG] [PID-17687] server.go main:42 CPUS: 4 
2019-12-11 16:18:20 [DEBUG] [PID-17687] server.go main:43 PID: 17687 
2019-12-11 16:18:20 [DEBUG] [PID-17687] server.go main:44 Go Version: go1.12.5 
2019-12-11 16:18:20 [DEBUG] [PID-17687] server.go main:45 Go Arch: amd64 
2019-12-11 16:18:20 [DEBUG] [PID-17687] server.go main:46 Go Compiler: gc 
2019-12-11 16:18:20 [DEBUG] [PID-17687] server.go main:48 NumGoroutine: 4 
2019-12-11 16:19:14 [DEBUG] [PID-17919] server.go main:40 WikiServer-0.0.1 
2019-12-11 16:19:14 [DEBUG] [PID-17919] server.go main:41 GOOS: linux 
2019-12-11 16:19:14 [DEBUG] [PID-17919] server.go main:42 CPUS: 4 
2019-12-11 16:19:14 [DEBUG] [PID-17919] server.go main:43 PID: 17919 
2019-12-11 16:19:14 [DEBUG] [PID-17919] server.go main:44 Go Version: go1.12.5 
2019-12-11 16:19:14 [DEBUG] [PID-17919] server.go main:45 Go Arch: amd64 
2019-12-11 16:19:14 [DEBUG] [PID-17919] server.go main:46 Go Compiler: gc 
2019-12-11 16:19:14 [DEBUG] [PID-17919] server.go main:48 NumGoroutine: 4 
2019-12-11 16:19:40 [DEBUG] [PID-18000] server.go main:40 WikiServer-0.0.1 
2019-12-11 16:19:40 [DEBUG] [PID-18000] server.go main:41 GOOS: linux 
2019-12-11 16:19:40 [DEBUG] [PID-18000] server.go main:42 CPUS: 4 
2019-12-11 16:19:40 [DEBUG] [PID-18000] server.go main:43 PID: 18000 
2019-12-11 16:19:40 [DEBUG] [PID-18000] server.go main:44 Go Version: go1.12.5 
2019-12-11 16:19:40 [DEBUG] [PID-18000] server.go main:45 Go Arch: amd64 
2019-12-11 16:19:40 [DEBUG] [PID-18000] server.go main:46 Go Compiler: gc 
2019-12-11 16:19:40 [DEBUG] [PID-18000] server.go main:48 NumGoroutine: 4 
